<?xml version="1.0" encoding="UTF-8"?>
<testsuite xmlns:xsi="http://www.w3.org/2001/XMLSchema-instance" xsi:noNamespaceSchemaLocation="https://maven.apache.org/surefire/maven-surefire-plugin/xsd/surefire-test-report-3.0.xsd" version="3.0" name="TestSuite" time="51.734" tests="2" errors="0" skipped="0" failures="0">
  <properties>
[...]
</properties>
  <testcase name="testCase1" classname="org.login.com.RealTest" time="0.014">
    <system-out><![CDATA[The Title of the webpage is Dashboard
]]></system-out>
    <system-err><![CDATA[SLF4J: Failed to load class "org.slf4j.impl.StaticLoggerBinder".
SLF4J: Defaulting to no-operation (NOP) logger implementation
SLF4J: See http://www.slf4j.org/codes.html#StaticLoggerBinder for further details.
Starting ChromeDriver 105.0.5195.52 (412c95e518836d8a7d97250d62b29c2ae6a26a85-refs/branch-heads/5195@{#853}) on port 2232
Only local connections are allowed.
Please see https://chromedriver.chromium.org/security-considerations for suggestions on keeping ChromeDriver safe.
ChromeDriver was started successfully.
Sep 07, 2022 8:42:50 PM org.openqa.selenium.remote.ProtocolHandshake createSession
INFO: Detected dialect: W3C
]]></system-err>
  </testcase>
  <testcase name="testCase2" classname="org.login.com.RealTest" time="26.986">
    <system-out><![CDATA[
2890
559
4226
3169
2179
2012
3927
3991
2888
4131
3856
2160
3434
4584
2879
384
2124
3910
4313
4038
15
4317
1947
3195
4429
4618
1672
1972
3557
1736
4367
3161
1238
4202
4484
4594
1051
4191
3263
1781
1745
4293
4438
3579
3358
4591
2576
3985
3890
2574
2348
3906
1151
4061
4033
4478
3930
4621
4507
4241
4113
3937
4146
2112
2175
3723
4227
1882
3567
4001
3450
4644
4596
4403
4611
3669
4067
4148
890
4018
3431
3920
4107
4280
4607
3840
4562
2717
2885
3181
4627
3658
2674
3768
3731
33
3467
4556
4384
4167
2451
1821
818
330
3990
3513
3030
3593
4041
2577
4450
3105
4391
4481
3668
3448
2526
4516
4563
4477
2929
1963
4337
3935
4139
3854
3868
3742
2913
3484
4641
1522
2945
4307
4623
3386
3337
1976
4302
4515
4568
4544
1082
3594
3800
4309
249
4637
4106
1489
4524
3876
2898
3714
2006
3929
1117
3374
1532
4338
92
807
2956
4491
3414
2282
1236
3615
4105
4232
4275
3472
4398
2378
869
3172
859
4459
3862
4158
4138
4427
4599
2899
3634
3986
4574
4430
4094
3199
3713
1364
2737
3438
4165
1694
2223
4129
4408
3811
4569
3081
3725
4299
1275
4617
3865
3587
3794
3523
4527
1601
3500
4054
4347
3781
3551
4480
3987
4104
1744
3588
4199
3532
3816
363
718
569
3585
4174
4290
3882
4142
4571
4205
2672
4620
3788
3842
1914
4577
667
3
2547
1711
3558
1838
2586
4552
1371
2804
3665
3486
3304
4029
4456
4472
4639
4052
4292
4534
3928
4521
3693
4274
844
3870
4431
3359
4473
4614
4413
3470
3755
4482
78
980
2721
2776
4056
4458
2211
1946
3992
963
4163
3539
4487
2108
4396
3475
3873
3743
3288
4319
3834
4433
2652
3776
4121
3549
3269
3129
3844
2504
3997
4026
4526
3396
3701
4580
3530
2519
4457
3728
3548
1924
4270
2419
3353
3718
1548
2025
4151
4538
3896
4229
4501
3045
4508
4455
3589
4361
323
4154
3480
4243
4263
3138
3916
7
3266
4511
2512
3639
3726
4597
1406
4269
4112
4267
4211
3626
3919
589
3122
1712
4012
2004
4326
3495
3366
872
4285
3729
2754
3095
3521
3407
1977
4240
3921
4043
4414
3503
4464
2517
1216
4496
4406
4579
4570
3119
4590
4198
2380
4231
3231
4397
2678
1067
3692
2801
3295
815
1472
3507
1356
2964
4051
4632
3091
3309
3167
2026
3765
3818
3883
4239
3670
4258
4581
4390
2896
4244
2834
103
4341
2796
3711
1339
1706
1991
4042
4349
3397
3504
4576
4207
3893
1326
4160
4640
3744
2188
3655
4622
4234
3595
2873
4395
599
4543
4445
3817
2017
3289
3360
4156
4601
3439
3831
1892
3075
4510
729
1024
2413
222
4253
2301
4567
4221
3624
3362
4097
3925
2196
4228
773
3429
3501
2778
3924
4495
351
4410
1290
3112
4336
4493
3370
4164
4475
3542
3995
24
2197
4196
3861
4439
4009
3083
3474
4179
4002
4068
3454
4173
30
3859
4
3926
2865
4005
3177
3415
1604
4500
4494
4489
3812
3715
4152
675
3272
2916
1728
1287
4498
4021
2600
3207
2206
3183
2105
4454
3918
1780
4609
4518
3716
2069
3456
3510
3519
3606
3547
3654
3666
371
4180
3720
1773
2186
3524
4122
2198
3525
3381
392
3225
1063
4612
4066
4111
3993
4513
1650
2933
4535
900
4007
3502
2566
4096
1229
4209
3350
1435
4426
3940
2550
4595
3461
3555
4069
3596
3600
2908
3643
3526
4588
3423
4256
3652
4608
4144
3543
4040
4465
4551
2070
3719
4288
3766
1373
3389
2330
4053
3769
4264
1937
4334
2520
1926
3101
3544
1469
4115
4559
2304
997
2708
2800
4063
2093
3301
4554
4143
4006
3388
2952
1862
1888
1628
2820
57
4268
4218
2716
2100
4222
4296
3770
4479
3390
3932
4109
2315
4301
1748
4497
3799
3988
4282
4346
2833
2146
3135
4184
1742
4352
4546
4201
4542
3346
4140
2846
4162
4468
4506
4602
4303
2368
4136
3863
3843
4613
4088
1218
3887
2575
4023
4600
3425
4078
4532
2081
3036
212
4183
2361
835
3379
1727
2477
2183
4276
4646
758
4549
4434
4025
1969
2491
2662
4483
3576
1234
3314
4298
2984
3676
3336
4108
3936
4050
4389
1349
2140
3433
3704
2065
4593
3685
4130
2020
2982
4027
3294
3205
4125
3093
4110
4606
4312
1033
4417
3278
1
2626
3752
2679
4485
1941
3437
4386
2080
4547
2854
3734
3552
4392
3402
3139
4343
4119
2230
2772
4013
4091
4566
4322
4172
3481
4315
1004
3757
683
3342
4415
2292
684
3420
3464
4260
1915
4037
3364
4428
3828
4636
2816
2082
4230
2275
3611
3832
3121
3841
268
1294
4080
2556
4314
4225
4537
10
4615
753
4059
3145
3996
3554
2649
4098
4079
2290
3482
1901
3691
1894
4323
3286
4193
3872
3148
4082
4335
4486
1438
4561
4467
4281
3754
1196
4128
3016
4416
3432
2877
4394
1549
4633
4531
2415
3833
3057
4003
3395
4605
4189
3835
3604
4072
4512
4195
4133
4517
3455
1350
2572
761
700
2861
3262
4291
4539
4436
3261
2254
187
4325
3774
4634
3764
3848
221
3625
4385
3815
1009
3312
4598
3909
4190
4114
2843
4295
4339
2837
2811
3938
1961
2936
4589
3709
4553
3372
4509
4625
4630
4440
4100
3018
2482
1490
4286
3451
4031
2882
4330
4587
1996
3055
4120
3647
4582
845
3763
3702
4159
2383
3488
3577
1331
4324
4169
3767
3724
2095
3283
3730
2868
2993
1523
3265
4329
1887
2560
4425
3607
2666
4499
4629
4039
4603
1874
1363
198
3732
1714
4048
1806
3999
4216
2988
3703
4182
13
1227
2705
4366
3877
4297
2288
3644
3096
3635
3201
4342
2697
3224
3689
3897
3903
3789
2403
2083
3881
1093
3700
3746
4432
4418
3192
2123
816
451
1722
4181
4545
3494
2761
1056
2728
3418
4525
3515
1473
3780
3690
3855
4452
4412
4453
2763
3343
4575
2168
4123
3889
2582
4578
4451
4583
3891
2832
3206
4348
3608
4401
4407
4016
3232
2793
1771
3878
2715
4213
3779
4332
4492
2264
1707
4533
4626
4235
253
2862
4200
2749
3695
4503
3345
4316
4573
2905
4046
4419
4071
4145
4132
4318
358
4321
2935
3641
4065
3942
3623
2676
4461
3457
1286
4217
4266
2076
3892
3849
3810
1932
3667
3915
3102
4310
4557
3421
340
4628
3914
4476
4504
4020
2805
3759
3033
3147
28
3116
2410
1913
3327
3022
556
1970
3983
3571
1769
444
2442
674
3335
2554
3663
3339
2120
2051
3638
4248
4423
4187
4287
3184
4204
4014
3306
4540
4474
4421
2534
4592
4560
3838
4548
3651
4446
4490
4090
3797
4541
4262
4126
3125
2343
3114
2700
1375
3315
3496
4289
3941
4400
1310
2497
3409
3369
4604
2125
4635
4166
2545
4409
3806
4572
1057
4279
3618
4643
4463
2548
2995
4631
3867
4344
3857
4442
38
2725
4304
2267
4237
876
3436
3894
4645
3511
3664
4060
3621
3900
2860
3408
4586
2921
4271
4030
4619
3646
4308
4388
4277
3541
4638
4306
3430
4550
306
4437
1671
4250
2498
5
2731
2920
4624
4616
2930
3512
1201
4283
3487
4443
3819
2485
2654
1939
3637
1618
3913
3586
4024
4019
2224
4137
4236
4305
4530
4422
1669
3814
3473
379
4424
4435
3365
4058
2682
2848
4411
4273
4149
2798
2902
4522
4340
3538
4523
26
3998
4402
2500
3175
4488
3378
4247
3686
4015
561
3777
1344
3627
841
3398
3427
4134
3879
2980
3285
3710
3219
2150
4387
2090
2559
4210
1528
4505
2544
4642
3657
4254
3911
2469
2121
4101
2683
3187
2710
1259
2948
4555
4034
3851
1084
4259
4610
2694
4064
3706
2691
544
3622
2740
4558
3762
2284
3222
]]></system-out>
    <system-err><![CDATA[Starting ChromeDriver 105.0.5195.52 (412c95e518836d8a7d97250d62b29c2ae6a26a85-refs/branch-heads/5195@{#853}) on port 36341
Only local connections are allowed.
Please see https://chromedriver.chromium.org/security-considerations for suggestions on keeping ChromeDriver safe.
ChromeDriver was started successfully.
Sep 07, 2022 8:43:02 PM org.openqa.selenium.remote.ProtocolHandshake createSession
INFO: Detected dialect: W3C
]]></system-err>
  </testcase>
</testsuite>