<?xml version="1.0" encoding="UTF-8"?>
<testng-results ignored="1" total="2" passed="1" failed="0" skipped="0">
  <reporter-output>
  </reporter-output>
  <suite started-at="2022-09-07T20:08:40 IST" name="Default suite" finished-at="2022-09-07T20:09:17 IST" duration-ms="37462">
    <groups>
    </groups>
    <test started-at="2022-09-07T20:08:40 IST" name="Default test" finished-at="2022-09-07T20:09:17 IST" duration-ms="37462">
      <class name="org.login.com.RealTest">
        <test-method is-config="true" signature="InitBro()[pri:0, instance:org.login.com.RealTest@10feca44]" started-at="2022-09-07T20:08:40 IST" name="InitBro" finished-at="2022-09-07T20:08:52 IST" duration-ms="12361" status="PASS">
          <reporter-output>
          </reporter-output>
        </test-method> <!-- InitBro -->
        <test-method signature="testCase2()[pri:0, instance:org.login.com.RealTest@10feca44]" started-at="2022-09-07T20:08:52 IST" name="testCase2" finished-at="2022-09-07T20:09:16 IST" duration-ms="24441" status="PASS">
          <reporter-output>
          </reporter-output>
        </test-method> <!-- testCase2 -->
        <test-method is-config="true" signature="TearDown()[pri:0, instance:org.login.com.RealTest@10feca44]" started-at="2022-09-07T20:09:16 IST" name="TearDown" finished-at="2022-09-07T20:09:17 IST" duration-ms="626" status="PASS">
          <reporter-output>
          </reporter-output>
        </test-method> <!-- TearDown -->
      </class> <!-- org.login.com.RealTest -->
    </test> <!-- Default test -->
  </suite> <!-- Default suite -->
</testng-results>
